<?xml version="1.0" encoding="UTF-8"?>
<testsuite xmlns:xsi="http://www.w3.org/2001/XMLSchema-instance" xsi:noNamespaceSchemaLocation="https://maven.apache.org/surefire/maven-surefire-plugin/xsd/surefire-test-report.xsd" name="hn.uthestudiante.aplicacion_simple_maven_consola.AppTest" time="0.07" tests="6" errors="0" skipped="0" failures="0">
  <properties>
    <property name="java.specification.version" value="17"/>
    <property name="sun.cpu.isalist" value="amd64"/>
    <property name="sun.jnu.encoding" value="Cp1252"/>
    <property name="java.class.path" value="C:\projects\aplicacion-simple-maven-consola\target\test-classes;C:\projects\aplicacion-simple-maven-consola\target\classes;C:\Users\Sistemas\.m2\repository\junit\junit\4.13.2\junit-4.13.2.jar;C:\Users\Sistemas\.m2\repository\org\hamcrest\hamcrest-core\1.3\hamcrest-core-1.3.jar;"/>
    <property name="java.vm.vendor" value="Oracle Corporation"/>
    <property name="sun.arch.data.model" value="64"/>
    <property name="user.variant" value=""/>
    <property name="java.vendor.url" value="https://java.oracle.com/"/>
    <property name="user.timezone" value="GMT-06:00"/>
    <property name="os.name" value="Windows 10"/>
    <property name="java.vm.specification.version" value="17"/>
    <property name="sun.java.launcher" value="SUN_STANDARD"/>
    <property name="user.country" value="HN"/>
    <property name="sun.boot.library.path" value="C:\Program Files\Java\jdk-17\bin"/>
    <property name="sun.java.command" value="C:\Users\Sistemas\AppData\Local\Temp\surefire8083761746797543506\surefirebooter15064472088771849358.jar C:\Users\Sistemas\AppData\Local\Temp\surefire8083761746797543506 2023-06-09T18-19-29_970-jvmRun1 surefire1861008141146997337tmp surefire_017472011310626921475tmp"/>
    <property name="jdk.debug" value="release"/>
    <property name="surefire.test.class.path" value="C:\projects\aplicacion-simple-maven-consola\target\test-classes;C:\projects\aplicacion-simple-maven-consola\target\classes;C:\Users\Sistemas\.m2\repository\junit\junit\4.13.2\junit-4.13.2.jar;C:\Users\Sistemas\.m2\repository\org\hamcrest\hamcrest-core\1.3\hamcrest-core-1.3.jar;"/>
    <property name="sun.cpu.endian" value="little"/>
    <property name="user.home" value="C:\Users\Sistemas"/>
    <property name="user.language" value="es"/>
    <property name="java.specification.vendor" value="Oracle Corporation"/>
    <property name="java.version.date" value="2023-04-18"/>
    <property name="java.home" value="C:\Program Files\Java\jdk-17"/>
    <property name="file.separator" value="\"/>
    <property name="style.color" value="always"/>
    <property name="basedir" value="C:\projects\aplicacion-simple-maven-consola"/>
    <property name="java.vm.compressedOopsMode" value="32-bit"/>
    <property name="line.separator" value="&#10;"/>
    <property name="java.vm.specification.vendor" value="Oracle Corporation"/>
    <property name="java.specification.name" value="Java Platform API Specification"/>
    <property name="surefire.real.class.path" value="C:\Users\Sistemas\AppData\Local\Temp\surefire8083761746797543506\surefirebooter15064472088771849358.jar"/>
    <property name="user.script" value=""/>
    <property name="sun.management.compiler" value="HotSpot 64-Bit Tiered Compilers"/>
    <property name="java.runtime.version" value="17.0.7+8-LTS-224"/>
    <property name="user.name" value="Sistemas"/>
    <property name="path.separator" value=";"/>
    <property name="os.version" value="10.0"/>
    <property name="java.runtime.name" value="Java(TM) SE Runtime Environment"/>
    <property name="file.encoding" value="Cp1252"/>
    <property name="java.vm.name" value="Java HotSpot(TM) 64-Bit Server VM"/>
    <property name="localRepository" value="C:\Users\Sistemas\.m2\repository"/>
    <property name="java.vendor.url.bug" value="https://bugreport.java.com/bugreport/"/>
    <property name="java.io.tmpdir" value="C:\Users\Sistemas\AppData\Local\Temp\"/>
    <property name="java.version" value="17.0.7"/>
    <property name="user.dir" value="C:\projects\aplicacion-simple-maven-consola"/>
    <property name="os.arch" value="amd64"/>
    <property name="java.vm.specification.name" value="Java Virtual Machine Specification"/>
    <property name="sun.os.patch.level" value=""/>
    <property name="native.encoding" value="Cp1252"/>
    <property name="java.library.path" value="C:\Program Files\Java\jdk-17\bin;C:\Windows\Sun\Java\bin;C:\Windows\system32;C:\Windows;C:/Program Files/Java/jdk-17/bin/server;C:/Program Files/Java/jdk-17/bin;C:/Users/Sistemas/AppData/Local/Temp/eoi8FEB.tmp//plugins/org.eclipse.justj.openjdk.hotspot.jre.minimal.stripped.win32.x86_64_17.0.6.v20230204-1729/jre/bin/server;C:/Users/Sistemas/AppData/Local/Temp/eoi8FEB.tmp//plugins/org.eclipse.justj.openjdk.hotspot.jre.minimal.stripped.win32.x86_64_17.0.6.v20230204-1729/jre/bin;C:\Program Files (x86)\VMware\VMware Workstation\bin\;C:\Program Files\Common Files\Oracle\Java\javapath;C:\Program Files (x86)\Common Files\Oracle\Java\javapath;C:\Windows\system32;C:\Windows;C:\Windows\System32\Wbem;C:\Windows\System32\WindowsPowerShell\v1.0\;C:\Windows\System32\OpenSSH\;C:\ProgramData\chocolatey\bin;C:\Program Files\Git\cmd;C:\Program Files\Docker\Docker\resources\bin;C:\ProgramData\DockerDesktop\version-bin;C:\Program Files\NVIDIA Corporation\NVIDIA NvDLISR;C:\Program Files (x86)\NVIDIA Corporation\PhysX\Common;C:\Program Files\nodejs\;C:\Program Files\PuTTY\;C:\Program Files\Microsoft SQL Server\130\Tools\Binn\;C:\Program Files\Microsoft SQL Server\Client SDK\ODBC\170\Tools\Binn\;C:\Program Files\dotnet\;C:\Users\Sistemas\AppData\Local\Programs\Python\Python311\Scripts\;C:\Users\Sistemas\AppData\Local\Programs\Python\Python311\;C:\Users\Sistemas\AppData\Local\Microsoft\WindowsApps;C:\Users\Sistemas\AppData\Local\GitHubDesktop\bin;C:\Users\Sistemas\AppData\Local\Programs\Microsoft VS Code\bin;C:\Users\Sistemas\AppData\Roaming\npm;C:\Program Files\heroku\bin;C:\Users\Sistemas\.dotnet\tools;C:\Maven\bin;;C:\Users\Sistemas\Downloads;;C:\Users\Sistemas\Downloads;;."/>
    <property name="java.vm.info" value="mixed mode, sharing"/>
    <property name="java.vendor" value="Oracle Corporation"/>
    <property name="java.vm.version" value="17.0.7+8-LTS-224"/>
    <property name="sun.io.unicode.encoding" value="UnicodeLittle"/>
    <property name="java.class.version" value="61.0"/>
  </properties>
  <testcase name="testRestaNegativo" classname="hn.uthestudiante.aplicacion_simple_maven_consola.AppTest" time="0.003"/>
  <testcase name="testSuma1" classname="hn.uthestudiante.aplicacion_simple_maven_consola.AppTest" time="0"/>
  <testcase name="testSuma2" classname="hn.uthestudiante.aplicacion_simple_maven_consola.AppTest" time="0"/>
  <testcase name="testResta1" classname="hn.uthestudiante.aplicacion_simple_maven_consola.AppTest" time="0"/>
  <testcase name="testResta2" classname="hn.uthestudiante.aplicacion_simple_maven_consola.AppTest" time="0"/>
  <testcase name="testRestaDecimales" classname="hn.uthestudiante.aplicacion_simple_maven_consola.AppTest" time="0.001"/>
</testsuite>